2023-08-07 14:48:36,255 : INFO : Test_Shopclue_login : test_shopclue_login_001 : 14 : Open browser
2023-08-07 14:48:39,504 : INFO : Test_Shopclue_login : test_shopclue_login_001 : 24 : Click on login
2023-08-07 14:48:42,581 : INFO : Test_Shopclue_login : test_shopclue_login_001 : 27 : Click on disabled
2023-08-07 14:48:47,533 : INFO : Test_Shopclue_login : test_shopclue_login_001 : 30 : Click on facebook
2023-08-07 14:48:50,663 : INFO : Test_Shopclue_login : test_shopclue_login_001 : 33 : Enter email: rahul.ipe@gmail.c
2023-08-07 14:48:50,777 : INFO : Test_Shopclue_login : test_shopclue_login_001 : 35 : Enter password: rahul1803sarda@#
2023-08-07 14:48:50,853 : INFO : Test_Shopclue_login : test_shopclue_login_001 : 37 : click on login button
2023-08-07 14:48:55,908 : INFO : Test_Shopclue_login : test_shopclue_login_001 : 70 : Case is passed
2023-08-07 14:49:06,702 : INFO : Test_Shopclue_login : test_shopclue_login_001 : 24 : Click on login
2023-08-07 14:49:09,810 : INFO : Test_Shopclue_login : test_shopclue_login_001 : 27 : Click on disabled
2023-08-07 14:49:14,890 : INFO : Test_Shopclue_login : test_shopclue_login_001 : 30 : Click on facebook
2023-08-07 14:49:18,019 : INFO : Test_Shopclue_login : test_shopclue_login_001 : 33 : Enter email: rahul.ipe1@gmail.co
2023-08-07 14:49:18,120 : INFO : Test_Shopclue_login : test_shopclue_login_001 : 35 : Enter password: rahul1803sarda..
2023-08-07 14:49:18,195 : INFO : Test_Shopclue_login : test_shopclue_login_001 : 37 : click on login button
2023-08-07 14:49:23,266 : INFO : Test_Shopclue_login : test_shopclue_login_001 : 70 : Case is passed
2023-08-07 14:49:34,309 : INFO : Test_Shopclue_login : test_shopclue_login_001 : 24 : Click on login
2023-08-07 14:49:37,603 : INFO : Test_Shopclue_login : test_shopclue_login_001 : 27 : Click on disabled
2023-08-07 14:49:42,035 : INFO : Test_Shopclue_login : test_shopclue_login_001 : 30 : Click on facebook
2023-08-07 14:49:45,151 : INFO : Test_Shopclue_login : test_shopclue_login_001 : 33 : Enter email: rahul.ipe12@gmail.
2023-08-07 14:49:45,273 : INFO : Test_Shopclue_login : test_shopclue_login_001 : 35 : Enter password: rahul1803sarda@#$%
2023-08-07 14:49:45,346 : INFO : Test_Shopclue_login : test_shopclue_login_001 : 37 : click on login button
2023-08-07 14:49:50,418 : INFO : Test_Shopclue_login : test_shopclue_login_001 : 70 : Case is passed
2023-08-07 14:50:01,348 : INFO : Test_Shopclue_login : test_shopclue_login_001 : 24 : Click on login
2023-08-07 14:50:04,467 : INFO : Test_Shopclue_login : test_shopclue_login_001 : 27 : Click on disabled
2023-08-07 14:50:09,486 : INFO : Test_Shopclue_login : test_shopclue_login_001 : 30 : Click on facebook
2023-08-07 14:50:12,626 : INFO : Test_Shopclue_login : test_shopclue_login_001 : 33 : Enter email: rahul.ip@gmail.co
2023-08-07 14:50:12,732 : INFO : Test_Shopclue_login : test_shopclue_login_001 : 35 : Enter password: rahul18sarda.
2023-08-07 14:50:12,794 : INFO : Test_Shopclue_login : test_shopclue_login_001 : 37 : click on login button
2023-08-07 14:50:17,876 : INFO : Test_Shopclue_login : test_shopclue_login_001 : 70 : Case is passed
2023-08-07 14:50:28,683 : INFO : Test_Shopclue_login : test_shopclue_login_001 : 24 : Click on login
2023-08-07 14:50:31,826 : INFO : Test_Shopclue_login : test_shopclue_login_001 : 27 : Click on disabled
2023-08-07 14:50:36,137 : INFO : Test_Shopclue_login : test_shopclue_login_001 : 30 : Click on facebook
2023-08-07 14:50:39,292 : INFO : Test_Shopclue_login : test_shopclue_login_001 : 33 : Enter email: rahul.ipe@gmail.com
2023-08-07 14:50:39,401 : INFO : Test_Shopclue_login : test_shopclue_login_001 : 35 : Enter password: rahul1803sarda@#$%
2023-08-07 14:50:39,475 : INFO : Test_Shopclue_login : test_shopclue_login_001 : 37 : click on login button
2023-08-07 14:50:46,663 : INFO : Test_Shopclue_login : test_shopclue_login_001 : 42 : case is passed
2023-08-07 14:50:57,881 : INFO : Test_Shopclue_login : test_shopclue_login_001 : 78 : data derive testing is passed
2023-08-07 19:58:03,019 : INFO : Test_Shopclue_login : test_shopclue_login_001 : 14 : Open browser
2023-08-07 19:58:06,252 : INFO : Test_Shopclue_login : test_shopclue_login_001 : 24 : Click on login
2023-08-07 19:58:09,318 : INFO : Test_Shopclue_login : test_shopclue_login_001 : 27 : Click on disabled
2023-08-07 19:58:16,484 : INFO : Test_Shopclue_login : test_shopclue_login_001 : 30 : Click on facebook
2023-08-07 19:58:19,618 : INFO : Test_Shopclue_login : test_shopclue_login_001 : 33 : Enter email: rahul.ipe@gmail.c
2023-08-07 19:58:19,771 : INFO : Test_Shopclue_login : test_shopclue_login_001 : 35 : Enter password: rahul1803sarda@#
2023-08-07 19:58:19,932 : INFO : Test_Shopclue_login : test_shopclue_login_001 : 37 : click on login button
2023-08-07 19:58:24,985 : INFO : Test_Shopclue_login : test_shopclue_login_001 : 70 : Case is passed
2023-08-07 19:58:36,448 : INFO : Test_Shopclue_login : test_shopclue_login_001 : 24 : Click on login
2023-08-07 19:58:39,647 : INFO : Test_Shopclue_login : test_shopclue_login_001 : 27 : Click on disabled
2023-08-07 19:58:43,974 : INFO : Test_Shopclue_login : test_shopclue_login_001 : 30 : Click on facebook
2023-08-07 19:58:47,107 : INFO : Test_Shopclue_login : test_shopclue_login_001 : 33 : Enter email: rahul.ipe1@gmail.co
2023-08-07 19:58:47,211 : INFO : Test_Shopclue_login : test_shopclue_login_001 : 35 : Enter password: rahul1803sarda..
2023-08-07 19:58:47,271 : INFO : Test_Shopclue_login : test_shopclue_login_001 : 37 : click on login button
2023-08-07 19:58:52,348 : INFO : Test_Shopclue_login : test_shopclue_login_001 : 70 : Case is passed
2023-08-07 19:59:03,282 : INFO : Test_Shopclue_login : test_shopclue_login_001 : 24 : Click on login
2023-08-07 19:59:06,385 : INFO : Test_Shopclue_login : test_shopclue_login_001 : 27 : Click on disabled
2023-08-07 19:59:11,457 : INFO : Test_Shopclue_login : test_shopclue_login_001 : 30 : Click on facebook
2023-08-07 19:59:14,595 : INFO : Test_Shopclue_login : test_shopclue_login_001 : 33 : Enter email: rahul.ipe12@gmail.
2023-08-07 19:59:14,703 : INFO : Test_Shopclue_login : test_shopclue_login_001 : 35 : Enter password: rahul1803sarda@#$%
2023-08-07 19:59:14,763 : INFO : Test_Shopclue_login : test_shopclue_login_001 : 37 : click on login button
2023-08-07 19:59:19,839 : INFO : Test_Shopclue_login : test_shopclue_login_001 : 70 : Case is passed
2023-08-07 19:59:30,580 : INFO : Test_Shopclue_login : test_shopclue_login_001 : 24 : Click on login
2023-08-07 19:59:33,732 : INFO : Test_Shopclue_login : test_shopclue_login_001 : 27 : Click on disabled
2023-08-07 19:59:38,109 : INFO : Test_Shopclue_login : test_shopclue_login_001 : 30 : Click on facebook
2023-08-07 19:59:41,267 : INFO : Test_Shopclue_login : test_shopclue_login_001 : 33 : Enter email: rahul.ip@gmail.co
2023-08-07 19:59:41,358 : INFO : Test_Shopclue_login : test_shopclue_login_001 : 35 : Enter password: rahul18sarda.
2023-08-07 19:59:41,419 : INFO : Test_Shopclue_login : test_shopclue_login_001 : 37 : click on login button
2023-08-07 19:59:46,493 : INFO : Test_Shopclue_login : test_shopclue_login_001 : 70 : Case is passed
2023-08-07 19:59:57,419 : INFO : Test_Shopclue_login : test_shopclue_login_001 : 24 : Click on login
2023-08-07 20:00:00,532 : INFO : Test_Shopclue_login : test_shopclue_login_001 : 27 : Click on disabled
2023-08-07 20:00:04,827 : INFO : Test_Shopclue_login : test_shopclue_login_001 : 30 : Click on facebook
2023-08-07 20:00:07,973 : INFO : Test_Shopclue_login : test_shopclue_login_001 : 33 : Enter email: rahul.ipe@gmail.com
2023-08-07 20:00:08,093 : INFO : Test_Shopclue_login : test_shopclue_login_001 : 35 : Enter password: rahul1803sarda@#$%
2023-08-07 20:00:08,152 : INFO : Test_Shopclue_login : test_shopclue_login_001 : 37 : click on login button
2023-08-07 20:00:14,691 : INFO : Test_Shopclue_login : test_shopclue_login_001 : 42 : case is passed
2023-08-07 20:00:25,986 : INFO : Test_Shopclue_login : test_shopclue_login_001 : 78 : data derive testing is passed
2023-08-07 20:04:00,990 : INFO : Test_Shopclue_login : test_shopclue_login_001 : 14 : Open browser
2023-08-07 20:04:04,205 : INFO : Test_Shopclue_login : test_shopclue_login_001 : 24 : Click on login
2023-08-07 20:04:07,292 : INFO : Test_Shopclue_login : test_shopclue_login_001 : 27 : Click on disabled
2023-08-07 20:04:12,306 : INFO : Test_Shopclue_login : test_shopclue_login_001 : 30 : Click on facebook
2023-08-07 20:04:15,448 : INFO : Test_Shopclue_login : test_shopclue_login_001 : 33 : Enter email: rahul.ipe@gmail.c
2023-08-07 20:04:15,571 : INFO : Test_Shopclue_login : test_shopclue_login_001 : 35 : Enter password: rahul1803sarda@#
2023-08-07 20:04:15,646 : INFO : Test_Shopclue_login : test_shopclue_login_001 : 37 : click on login button
2023-08-07 20:04:20,695 : INFO : Test_Shopclue_login : test_shopclue_login_001 : 70 : Case is passed
2023-08-07 20:04:32,099 : INFO : Test_Shopclue_login : test_shopclue_login_001 : 24 : Click on login
2023-08-07 20:04:35,276 : INFO : Test_Shopclue_login : test_shopclue_login_001 : 27 : Click on disabled
2023-08-07 20:04:39,820 : INFO : Test_Shopclue_login : test_shopclue_login_001 : 30 : Click on facebook
2023-08-07 20:04:42,959 : INFO : Test_Shopclue_login : test_shopclue_login_001 : 33 : Enter email: rahul.ipe1@gmail.co
2023-08-07 20:04:43,060 : INFO : Test_Shopclue_login : test_shopclue_login_001 : 35 : Enter password: rahul1803sarda..
2023-08-07 20:04:43,121 : INFO : Test_Shopclue_login : test_shopclue_login_001 : 37 : click on login button
2023-08-07 20:04:48,193 : INFO : Test_Shopclue_login : test_shopclue_login_001 : 70 : Case is passed
2023-08-07 20:04:59,162 : INFO : Test_Shopclue_login : test_shopclue_login_001 : 24 : Click on login
2023-08-07 20:05:02,309 : INFO : Test_Shopclue_login : test_shopclue_login_001 : 27 : Click on disabled
2023-08-07 20:05:06,871 : INFO : Test_Shopclue_login : test_shopclue_login_001 : 30 : Click on facebook
2023-08-07 20:05:10,008 : INFO : Test_Shopclue_login : test_shopclue_login_001 : 33 : Enter email: rahul.ipe12@gmail.
2023-08-07 20:05:10,132 : INFO : Test_Shopclue_login : test_shopclue_login_001 : 35 : Enter password: rahul1803sarda@#$%
2023-08-07 20:05:10,193 : INFO : Test_Shopclue_login : test_shopclue_login_001 : 37 : click on login button
2023-08-07 20:05:15,272 : INFO : Test_Shopclue_login : test_shopclue_login_001 : 70 : Case is passed
2023-08-07 20:05:26,329 : INFO : Test_Shopclue_login : test_shopclue_login_001 : 24 : Click on login
2023-08-07 20:05:29,620 : INFO : Test_Shopclue_login : test_shopclue_login_001 : 27 : Click on disabled
2023-08-07 20:05:34,068 : INFO : Test_Shopclue_login : test_shopclue_login_001 : 30 : Click on facebook
2023-08-07 20:05:37,191 : INFO : Test_Shopclue_login : test_shopclue_login_001 : 33 : Enter email: rahul.ip@gmail.co
2023-08-07 20:05:37,286 : INFO : Test_Shopclue_login : test_shopclue_login_001 : 35 : Enter password: rahul18sarda.
2023-08-07 20:05:37,352 : INFO : Test_Shopclue_login : test_shopclue_login_001 : 37 : click on login button
2023-08-07 20:05:42,416 : INFO : Test_Shopclue_login : test_shopclue_login_001 : 70 : Case is passed
2023-08-07 20:05:54,166 : INFO : Test_Shopclue_login : test_shopclue_login_001 : 24 : Click on login
2023-08-07 20:05:57,379 : INFO : Test_Shopclue_login : test_shopclue_login_001 : 27 : Click on disabled
2023-08-07 20:06:01,977 : INFO : Test_Shopclue_login : test_shopclue_login_001 : 30 : Click on facebook
2023-08-07 20:06:05,127 : INFO : Test_Shopclue_login : test_shopclue_login_001 : 33 : Enter email: rahul.ipe@gmail.com
2023-08-07 20:06:05,238 : INFO : Test_Shopclue_login : test_shopclue_login_001 : 35 : Enter password: rahul1803sarda@#$%
2023-08-07 20:06:05,295 : INFO : Test_Shopclue_login : test_shopclue_login_001 : 37 : click on login button
2023-08-07 20:06:12,895 : INFO : Test_Shopclue_login : test_shopclue_login_001 : 42 : case is passed
2023-08-07 20:06:24,139 : INFO : Test_Shopclue_login : test_shopclue_login_001 : 78 : data derive testing is passed
2023-08-07 20:11:58,820 : INFO : Test_Shopclue_login : test_shopclue_login_001 : 14 : Open browser
2023-08-07 20:12:02,060 : INFO : Test_Shopclue_login : test_shopclue_login_001 : 24 : Click on login
2023-08-07 20:12:05,137 : INFO : Test_Shopclue_login : test_shopclue_login_001 : 27 : Click on disabled
2023-08-07 20:12:09,840 : INFO : Test_Shopclue_login : test_shopclue_login_001 : 30 : Click on facebook
2023-08-07 20:12:12,979 : INFO : Test_Shopclue_login : test_shopclue_login_001 : 33 : Enter email: rahul.ipe@gmail.c
2023-08-07 20:12:13,103 : INFO : Test_Shopclue_login : test_shopclue_login_001 : 35 : Enter password: rahul1803sarda@#
2023-08-07 20:12:13,174 : INFO : Test_Shopclue_login : test_shopclue_login_001 : 37 : click on login button
2023-08-07 20:12:18,225 : INFO : Test_Shopclue_login : test_shopclue_login_001 : 70 : Case is passed
2023-08-07 20:12:29,290 : INFO : Test_Shopclue_login : test_shopclue_login_001 : 24 : Click on login
2023-08-07 20:12:32,389 : INFO : Test_Shopclue_login : test_shopclue_login_001 : 27 : Click on disabled
2023-08-07 20:12:36,574 : INFO : Test_Shopclue_login : test_shopclue_login_001 : 30 : Click on facebook
2023-08-07 20:12:39,711 : INFO : Test_Shopclue_login : test_shopclue_login_001 : 33 : Enter email: rahul.ipe1@gmail.co
2023-08-07 20:12:39,835 : INFO : Test_Shopclue_login : test_shopclue_login_001 : 35 : Enter password: rahul1803sarda..
2023-08-07 20:12:39,896 : INFO : Test_Shopclue_login : test_shopclue_login_001 : 37 : click on login button
2023-08-07 20:12:44,980 : INFO : Test_Shopclue_login : test_shopclue_login_001 : 70 : Case is passed
2023-08-07 20:12:55,946 : INFO : Test_Shopclue_login : test_shopclue_login_001 : 24 : Click on login
2023-08-07 20:12:59,087 : INFO : Test_Shopclue_login : test_shopclue_login_001 : 27 : Click on disabled
2023-08-07 20:13:03,450 : INFO : Test_Shopclue_login : test_shopclue_login_001 : 30 : Click on facebook
2023-08-07 20:13:06,581 : INFO : Test_Shopclue_login : test_shopclue_login_001 : 33 : Enter email: rahul.ipe12@gmail.
2023-08-07 20:13:06,692 : INFO : Test_Shopclue_login : test_shopclue_login_001 : 35 : Enter password: rahul1803sarda@#$%
2023-08-07 20:13:06,751 : INFO : Test_Shopclue_login : test_shopclue_login_001 : 37 : click on login button
2023-08-07 20:13:11,840 : INFO : Test_Shopclue_login : test_shopclue_login_001 : 70 : Case is passed
2023-08-07 20:13:23,411 : INFO : Test_Shopclue_login : test_shopclue_login_001 : 24 : Click on login
2023-08-07 20:13:26,722 : INFO : Test_Shopclue_login : test_shopclue_login_001 : 27 : Click on disabled
2023-08-07 20:13:30,952 : INFO : Test_Shopclue_login : test_shopclue_login_001 : 30 : Click on facebook
2023-08-07 20:13:34,096 : INFO : Test_Shopclue_login : test_shopclue_login_001 : 33 : Enter email: rahul.ip@gmail.co
2023-08-07 20:13:34,203 : INFO : Test_Shopclue_login : test_shopclue_login_001 : 35 : Enter password: rahul18sarda.
2023-08-07 20:13:34,278 : INFO : Test_Shopclue_login : test_shopclue_login_001 : 37 : click on login button
2023-08-07 20:13:39,363 : INFO : Test_Shopclue_login : test_shopclue_login_001 : 70 : Case is passed
2023-08-07 20:13:50,240 : INFO : Test_Shopclue_login : test_shopclue_login_001 : 24 : Click on login
2023-08-07 20:13:53,350 : INFO : Test_Shopclue_login : test_shopclue_login_001 : 27 : Click on disabled
2023-08-07 20:13:57,805 : INFO : Test_Shopclue_login : test_shopclue_login_001 : 30 : Click on facebook
2023-08-07 20:14:00,941 : INFO : Test_Shopclue_login : test_shopclue_login_001 : 33 : Enter email: rahul.ipe@gmail.com
2023-08-07 20:14:01,049 : INFO : Test_Shopclue_login : test_shopclue_login_001 : 35 : Enter password: rahul1803sarda@#$%
2023-08-07 20:14:01,116 : INFO : Test_Shopclue_login : test_shopclue_login_001 : 37 : click on login button
2023-08-07 20:14:07,416 : INFO : Test_Shopclue_login : test_shopclue_login_001 : 42 : case is passed
2023-08-07 20:14:18,751 : INFO : Test_Shopclue_login : test_shopclue_login_001 : 78 : data derive testing is passed
2023-08-28 21:40:47,125 : INFO : Test_Shopclue_login : test_shopclue_login_001 : 14 : Open browser
2023-08-28 21:40:50,303 : INFO : Test_Shopclue_login : test_shopclue_login_001 : 24 : Click on login
2023-08-28 21:40:53,382 : INFO : Test_Shopclue_login : test_shopclue_login_001 : 27 : Click on disabled
2023-08-28 21:40:58,000 : INFO : Test_Shopclue_login : test_shopclue_login_001 : 30 : Click on facebook
2023-08-28 21:41:01,114 : INFO : Test_Shopclue_login : test_shopclue_login_001 : 33 : Enter email: rahul.ipe@gmail.c
2023-08-28 21:41:01,224 : INFO : Test_Shopclue_login : test_shopclue_login_001 : 35 : Enter password: rahul1803sarda@#
2023-08-28 21:41:01,332 : INFO : Test_Shopclue_login : test_shopclue_login_001 : 37 : click on login button
2023-08-28 21:41:06,369 : INFO : Test_Shopclue_login : test_shopclue_login_001 : 70 : Case is passed
2023-08-28 21:41:17,490 : INFO : Test_Shopclue_login : test_shopclue_login_001 : 24 : Click on login
2023-08-28 21:41:20,559 : INFO : Test_Shopclue_login : test_shopclue_login_001 : 27 : Click on disabled
2023-08-28 21:41:24,666 : INFO : Test_Shopclue_login : test_shopclue_login_001 : 30 : Click on facebook
2023-08-28 21:41:27,784 : INFO : Test_Shopclue_login : test_shopclue_login_001 : 33 : Enter email: rahul.ipe1@gmail.co
2023-08-28 21:41:27,876 : INFO : Test_Shopclue_login : test_shopclue_login_001 : 35 : Enter password: rahul1803sarda..
2023-08-28 21:41:27,930 : INFO : Test_Shopclue_login : test_shopclue_login_001 : 37 : click on login button
2023-08-28 21:41:32,991 : INFO : Test_Shopclue_login : test_shopclue_login_001 : 70 : Case is passed
2023-08-28 21:41:43,960 : INFO : Test_Shopclue_login : test_shopclue_login_001 : 24 : Click on login
2023-08-28 21:41:47,066 : INFO : Test_Shopclue_login : test_shopclue_login_001 : 27 : Click on disabled
2023-08-28 21:41:51,139 : INFO : Test_Shopclue_login : test_shopclue_login_001 : 30 : Click on facebook
2023-08-28 21:41:54,261 : INFO : Test_Shopclue_login : test_shopclue_login_001 : 33 : Enter email: rahul.ipe12@gmail.
2023-08-28 21:41:54,364 : INFO : Test_Shopclue_login : test_shopclue_login_001 : 35 : Enter password: rahul1803sarda@#$%
2023-08-28 21:41:54,420 : INFO : Test_Shopclue_login : test_shopclue_login_001 : 37 : click on login button
2023-08-28 21:41:59,481 : INFO : Test_Shopclue_login : test_shopclue_login_001 : 70 : Case is passed
2023-08-28 21:42:10,388 : INFO : Test_Shopclue_login : test_shopclue_login_001 : 24 : Click on login
2023-08-28 21:42:13,474 : INFO : Test_Shopclue_login : test_shopclue_login_001 : 27 : Click on disabled
2023-08-28 21:42:17,567 : INFO : Test_Shopclue_login : test_shopclue_login_001 : 30 : Click on facebook
2023-08-28 21:42:20,676 : INFO : Test_Shopclue_login : test_shopclue_login_001 : 33 : Enter email: rahul.ip@gmail.co
2023-08-28 21:42:20,766 : INFO : Test_Shopclue_login : test_shopclue_login_001 : 35 : Enter password: rahul18sarda.
2023-08-28 21:42:20,824 : INFO : Test_Shopclue_login : test_shopclue_login_001 : 37 : click on login button
2023-08-28 21:42:25,889 : INFO : Test_Shopclue_login : test_shopclue_login_001 : 70 : Case is passed
2023-08-28 21:42:36,779 : INFO : Test_Shopclue_login : test_shopclue_login_001 : 24 : Click on login
2023-08-28 21:42:39,852 : INFO : Test_Shopclue_login : test_shopclue_login_001 : 27 : Click on disabled
2023-08-28 21:42:44,074 : INFO : Test_Shopclue_login : test_shopclue_login_001 : 30 : Click on facebook
2023-08-28 21:42:47,190 : INFO : Test_Shopclue_login : test_shopclue_login_001 : 33 : Enter email: rahul.ipe@gmail.com
2023-08-28 21:42:47,288 : INFO : Test_Shopclue_login : test_shopclue_login_001 : 35 : Enter password: rahul1803sarda@#$%
2023-08-28 21:42:47,343 : INFO : Test_Shopclue_login : test_shopclue_login_001 : 37 : click on login button
2023-08-28 21:42:54,468 : INFO : Test_Shopclue_login : test_shopclue_login_001 : 42 : case is passed
2023-08-28 21:43:05,412 : INFO : Test_Shopclue_login : test_shopclue_login_001 : 78 : data derive testing is passed
2023-11-25 22:50:52,157 : INFO : Test_Shopclue_login : test_shopclue_login_001 : 14 : Open browser
